2013-03-01 10:32:33,349 [main] ERROR o.e.m.c.u.i.w.MavenProjectWizardArchetypeParametersPage - Error downloading archetype org.apache.maven.archetypes:maven-archetype-webapp:RELEASE
java.lang.reflect.InvocationTargetException: null
	at org.eclipse.jface.operation.ModalContext.runInCurrentThread(ModalContext.java:477) ~[org.eclipse.jface_3.8.0.v20120521-2329.jar:na]
	at org.eclipse.jface.operation.ModalContext.run(ModalContext.java:372) ~[org.eclipse.jface_3.8.0.v20120521-2329.jar:na]
	at org.eclipse.jface.wizard.WizardDialog.run(WizardDialog.java:1028) [org.eclipse.jface_3.8.0.v20120521-2329.jar:na]
	at org.eclipse.m2e.core.ui.internal.wizards.MavenProjectWizardArchetypeParametersPage.loadArchetypeDescriptor(MavenProjectWizardArchetypeParametersPage.java:386) [org.eclipse.m2e.core.ui_1.1.0.20120530-0009.jar:na]
	at org.eclipse.m2e.core.ui.internal.wizards.MavenProjectWizardArchetypeParametersPage.setVisible(MavenProjectWizardArchetypeParametersPage.java:524) [org.eclipse.m2e.core.ui_1.1.0.20120530-0009.jar:na]
	at org.eclipse.jface.wizard.WizardDialog.updateForPage(WizardDialog.java:1259) [org.eclipse.jface_3.8.0.v20120521-2329.jar:na]
	at org.eclipse.jface.wizard.WizardDialog.access$4(WizardDialog.java:1238) [org.eclipse.jface_3.8.0.v20120521-2329.jar:na]
	at org.eclipse.jface.wizard.WizardDialog$8.run(WizardDialog.java:1227) [org.eclipse.jface_3.8.0.v20120521-2329.jar:na]
	at org.eclipse.swt.custom.BusyIndicator.showWhile(BusyIndicator.java:70) [org.eclipse.swt.gtk.linux.x86_3.100.0.v4233d.jar:na]
	at org.eclipse.jface.wizard.WizardDialog.showPage(WizardDialog.java:1225) [org.eclipse.jface_3.8.0.v20120521-2329.jar:na]
	at org.eclipse.jface.wizard.WizardDialog.nextPressed(WizardDialog.java:915) [org.eclipse.jface_3.8.0.v20120521-2329.jar:na]
	at org.eclipse.jface.wizard.WizardDialog.buttonPressed(WizardDialog.java:428) [org.eclipse.jface_3.8.0.v20120521-2329.jar:na]
	at org.eclipse.jface.dialogs.Dialog$2.widgetSelected(Dialog.java:624) [org.eclipse.jface_3.8.0.v20120521-2329.jar:na]
	at org.eclipse.swt.widgets.TypedListener.handleEvent(TypedListener.java:248) [org.eclipse.swt.gtk.linux.x86_3.100.0.v4233d.jar:na]
	at org.eclipse.swt.widgets.EventTable.sendEvent(EventTable.java:84) [org.eclipse.swt.gtk.linux.x86_3.100.0.v4233d.jar:na]
	at org.eclipse.swt.widgets.Widget.sendEvent(Widget.java:1276) [org.eclipse.swt.gtk.linux.x86_3.100.0.v4233d.jar:na]
	at org.eclipse.swt.widgets.Display.runDeferredEvents(Display.java:3554) [org.eclipse.swt.gtk.linux.x86_3.100.0.v4233d.jar:na]
	at org.eclipse.swt.widgets.Display.readAndDispatch(Display.java:3179) [org.eclipse.swt.gtk.linux.x86_3.100.0.v4233d.jar:na]
	at org.eclipse.jface.window.Window.runEventLoop(Window.java:825) [org.eclipse.jface_3.8.0.v20120521-2329.jar:na]
	at org.eclipse.jface.window.Window.open(Window.java:801) [org.eclipse.jface_3.8.0.v20120521-2329.jar:na]
	at org.eclipse.ui.actions.NewProjectAction.run(NewProjectAction.java:117) [org.eclipse.ui.ide_3.8.0.v20120521-2329.jar:na]
	at org.eclipse.jface.action.Action.runWithEvent(Action.java:498) [org.eclipse.jface_3.8.0.v20120521-2329.jar:na]
	at org.eclipse.jface.action.ActionContributionItem.handleWidgetSelection(ActionContributionItem.java:584) [org.eclipse.jface_3.8.0.v20120521-2329.jar:na]
	at org.eclipse.jface.action.ActionContributionItem.access$2(ActionContributionItem.java:501) [org.eclipse.jface_3.8.0.v20120521-2329.jar:na]
	at org.eclipse.jface.action.ActionContributionItem$5.handleEvent(ActionContributionItem.java:411) [org.eclipse.jface_3.8.0.v20120521-2329.jar:na]
	at org.eclipse.swt.widgets.EventTable.sendEvent(EventTable.java:84) [org.eclipse.swt.gtk.linux.x86_3.100.0.v4233d.jar:na]
	at org.eclipse.swt.widgets.Widget.sendEvent(Widget.java:1276) [org.eclipse.swt.gtk.linux.x86_3.100.0.v4233d.jar:na]
	at org.eclipse.swt.widgets.Display.runDeferredEvents(Display.java:3554) [org.eclipse.swt.gtk.linux.x86_3.100.0.v4233d.jar:na]
	at org.eclipse.swt.widgets.Display.readAndDispatch(Display.java:3179) [org.eclipse.swt.gtk.linux.x86_3.100.0.v4233d.jar:na]
	at org.eclipse.e4.ui.internal.workbench.swt.PartRenderingEngine$9.run(PartRenderingEngine.java:1022) [org.eclipse.e4.ui.workbench.swt_0.10.1.v20120525-2014.jar:na]
	at org.eclipse.core.databinding.observable.Realm.runWithDefault(Realm.java:332) [org.eclipse.core.databinding.observable_1.4.1.v20120521-2329.jar:na]
	at org.eclipse.e4.ui.internal.workbench.swt.PartRenderingEngine.run(PartRenderingEngine.java:916) [org.eclipse.e4.ui.workbench.swt_0.10.1.v20120525-2014.jar:na]
	at org.eclipse.e4.ui.internal.workbench.E4Workbench.createAndRunUI(E4Workbench.java:86) [org.eclipse.e4.ui.workbench_0.10.2.v20120531-1742.jar:na]
	at org.eclipse.ui.internal.Workbench$5.run(Workbench.java:585) [org.eclipse.ui.workbench_3.103.0.v20120530-1824.jar:na]
	at org.eclipse.core.databinding.observable.Realm.runWithDefault(Realm.java:332) [org.eclipse.core.databinding.observable_1.4.1.v20120521-2329.jar:na]
	at org.eclipse.ui.internal.Workbench.createAndRunWorkbench(Workbench.java:540) [org.eclipse.ui.workbench_3.103.0.v20120530-1824.jar:na]
	at org.eclipse.ui.PlatformUI.createAndRunWorkbench(PlatformUI.java:149) [org.eclipse.ui.workbench_3.103.0.v20120530-1824.jar:na]
	at org.eclipse.ui.internal.ide.application.IDEApplication.start(IDEApplication.java:124) [org.eclipse.ui.ide.application_1.0.400.v20120523-1955.jar:na]
	at org.eclipse.equinox.internal.app.EclipseAppHandle.run(EclipseAppHandle.java:196) [org.eclipse.equinox.app_1.3.100.v20120522-1841.jar:na]
	at org.eclipse.core.runtime.internal.adaptor.EclipseAppLauncher.runApplication(EclipseAppLauncher.java:110) [org.eclipse.osgi_3.8.0.v20120529-1548.jar:na]
	at org.eclipse.core.runtime.internal.adaptor.EclipseAppLauncher.start(EclipseAppLauncher.java:79) [org.eclipse.osgi_3.8.0.v20120529-1548.jar:na]
	at org.eclipse.core.runtime.adaptor.EclipseStarter.run(EclipseStarter.java:353) [org.eclipse.osgi_3.8.0.v20120529-1548.jar:na]
	at org.eclipse.core.runtime.adaptor.EclipseStarter.run(EclipseStarter.java:180) [org.eclipse.osgi_3.8.0.v20120529-1548.jar:na]
	at sun.reflect.NativeMethodAccessorImpl.invoke0(Native Method) ~[na:1.6.0_25]
	at sun.reflect.NativeMethodAccessorImpl.invoke(NativeMethodAccessorImpl.java:39) ~[na:1.6.0_25]
	at sun.reflect.DelegatingMethodAccessorImpl.invoke(DelegatingMethodAccessorImpl.java:25) ~[na:1.6.0_25]
	at java.lang.reflect.Method.invoke(Method.java:597) ~[na:1.6.0_25]
	at org.eclipse.equinox.launcher.Main.invokeFramework(Main.java:629) [org.eclipse.equinox.launcher_1.3.0.v20120522-1813.jar:na]
	at org.eclipse.equinox.launcher.Main.basicRun(Main.java:584) [org.eclipse.equinox.launcher_1.3.0.v20120522-1813.jar:na]
	at org.eclipse.equinox.launcher.Main.run(Main.java:1438) [org.eclipse.equinox.launcher_1.3.0.v20120522-1813.jar:na]
	at org.eclipse.equinox.launcher.Main.main(Main.java:1414) [org.eclipse.equinox.launcher_1.3.0.v20120522-1813.jar:na]
Caused by: java.lang.NullPointerException: null
	at org.sonatype.aether.impl.internal.DefaultMetadataResolver.resolve(DefaultMetadataResolver.java:279) ~[aether-impl-1.13.1.jar:na]
	at org.sonatype.aether.impl.internal.DefaultMetadataResolver.resolveMetadata(DefaultMetadataResolver.java:173) ~[aether-impl-1.13.1.jar:na]
	at org.apache.maven.repository.internal.DefaultVersionResolver.resolveVersion(DefaultVersionResolver.java:225) ~[maven-aether-provider-3.0.4.jar:3.0.4]
	at org.sonatype.aether.impl.internal.DefaultArtifactResolver.resolve(DefaultArtifactResolver.java:272) ~[aether-impl-1.13.1.jar:na]
	at org.sonatype.aether.impl.internal.DefaultArtifactResolver.resolveArtifacts(DefaultArtifactResolver.java:216) ~[aether-impl-1.13.1.jar:na]
	at org.sonatype.aether.impl.internal.DefaultArtifactResolver.resolveArtifact(DefaultArtifactResolver.java:193) ~[aether-impl-1.13.1.jar:na]
	at org.sonatype.aether.impl.internal.DefaultRepositorySystem.resolveArtifact(DefaultRepositorySystem.java:286) ~[aether-impl-1.13.1.jar:na]
	at org.apache.maven.artifact.resolver.DefaultArtifactResolver.resolve(DefaultArtifactResolver.java:213) ~[maven-compat-3.0.4.jar:3.0.4]
	at org.apache.maven.artifact.resolver.DefaultArtifactResolver.resolve(DefaultArtifactResolver.java:157) ~[maven-compat-3.0.4.jar:3.0.4]
	at org.apache.maven.artifact.resolver.DefaultArtifactResolver.resolve(DefaultArtifactResolver.java:525) ~[maven-compat-3.0.4.jar:3.0.4]
	at org.apache.maven.archetype.downloader.DefaultDownloader.download(DefaultDownloader.java:55) ~[archetype-common-2.0-alpha-4.jar:2.0-alpha-4]
	at org.apache.maven.archetype.common.DefaultArchetypeArtifactManager.getArchetypeFile(DefaultArchetypeArtifactManager.java:98) ~[archetype-common-2.0-alpha-4.jar:2.0-alpha-4]
	at org.apache.maven.archetype.common.DefaultArchetypeArtifactManager.isFileSetArchetype(DefaultArchetypeArtifactManager.java:227) ~[archetype-common-2.0-alpha-4.jar:2.0-alpha-4]
	at org.eclipse.m2e.core.ui.internal.wizards.MavenProjectWizardArchetypeParametersPage$9.run(MavenProjectWizardArchetypeParametersPage.java:397) ~[org.eclipse.m2e.core.ui_1.1.0.20120530-0009.jar:na]
	at org.eclipse.jface.operation.ModalContext.runInCurrentThread(ModalContext.java:464) ~[org.eclipse.jface_3.8.0.v20120521-2329.jar:na]
	... 50 common frames omitted
2013-03-01 10:33:03,314 [Worker-6] INFO  c.n.h.c.p.n.NettyAsyncHttpProvider - Number of application's worked threads is 8
2013-03-01 10:33:04,093 [New I/O client worker #1-1] INFO  o.e.m.c.i.e.AbstractTransferListenerAdapter - Downloading http://repo.maven.apache.org/maven2/org/apache/maven/archetypes/maven-archetype-webapp/maven-metadata.xml
2013-03-01 10:33:04,295 [New I/O client worker #1-1] INFO  o.e.m.c.i.e.AbstractTransferListenerAdapter - Downloaded http://repo.maven.apache.org/maven2/org/apache/maven/archetypes/maven-archetype-webapp/maven-metadata.xml
2013-03-01 10:33:04,590 [Worker-6] INFO  c.n.h.c.p.n.NettyAsyncHttpProvider - Number of application's worked threads is 8
2013-03-01 10:33:04,657 [New I/O client worker #2-1] INFO  o.e.m.c.i.e.AbstractTransferListenerAdapter - Downloading http://repo.maven.apache.org/maven2/org/apache/maven/archetypes/maven-archetype-webapp/1.0/maven-archetype-webapp-1.0.pom
2013-03-01 10:33:04,675 [New I/O client worker #2-1] INFO  o.e.m.c.i.e.AbstractTransferListenerAdapter - Downloaded http://repo.maven.apache.org/maven2/org/apache/maven/archetypes/maven-archetype-webapp/1.0/maven-archetype-webapp-1.0.pom
2013-03-01 10:33:04,795 [Worker-6] INFO  c.n.h.c.p.n.NettyAsyncHttpProvider - Number of application's worked threads is 8
2013-03-01 10:33:04,979 [New I/O client worker #3-1] INFO  o.e.m.c.i.e.AbstractTransferListenerAdapter - Downloading http://repo.maven.apache.org/maven2/org/apache/maven/archetypes/maven-archetype-webapp/1.0/maven-archetype-webapp-1.0.jar
2013-03-01 10:33:05,000 [New I/O client worker #3-1] INFO  o.e.m.c.i.e.AbstractTransferListenerAdapter - Downloaded http://repo.maven.apache.org/maven2/org/apache/maven/archetypes/maven-archetype-webapp/1.0/maven-archetype-webapp-1.0.jar
2013-03-01 10:33:05,644 [pool-5-thread-1] INFO  o.e.m.c.i.e.AbstractTransferListenerAdapter - Downloaded file:///home/etu5/.m2/repository/org/apache/maven/archetypes/maven-archetype-webapp/1.0/maven-archetype-webapp-1.0.jar
2013-03-01 10:33:05,984 [Worker-6] INFO  o.e.m.c.i.p.ProjectConfigurationManager - Collecting project info '/pom.xml' /home/etu5/Bacasable/projetdcll/xml-json/xml-json/pom.xml
2013-03-01 10:33:12,049 [Worker-6] INFO  o.e.m.c.i.l.LifecycleMappingFactory - Using org.maven.ide.eclipse.wtp.WarLifecycleMapping lifecycle mapping for MavenProject: dcll.clar:xml-json:0.0.1-SNAPSHOT @ /home/etu5/Bacasable/projetdcll/xml-json/xml-json/pom.xml.
2013-03-01 10:33:13,528 [Worker-6] INFO  o.e.m.j.i.AbstractJavaProjectConfigurator - Adding source folder /xml-json/src/main/java
2013-03-01 10:33:13,529 [Worker-6] INFO  o.e.m.j.i.AbstractJavaProjectConfigurator - Adding resource folder /xml-json/src/main/resources
2013-03-01 10:33:13,530 [Worker-6] INFO  o.e.m.j.i.AbstractJavaProjectConfigurator - Adding source folder /xml-json/src/test/java
2013-03-01 10:33:16,990 [Worker-2] INFO  o.e.m.c.i.l.LifecycleMappingFactory - Using org.maven.ide.eclipse.wtp.WarLifecycleMapping lifecycle mapping for MavenProject: dcll.clar:xml-json:0.0.1-SNAPSHOT @ /home/etu5/Bacasable/projetdcll/xml-json/xml-json/pom.xml.
2013-03-01 10:33:25,452 [Worker-6] INFO  o.e.m.c.i.p.ProjectConfigurationManager - Project import completed 19 sec
